<?xml version="1.0" encoding="UTF-8"?>
<testsuite name="Cucumber" time="0.15" tests="3" skipped="0" failures="0" errors="0">
<testcase classname="Hooks in Cucumber" name="Add new Customer" time="0.014">
<system-out><![CDATA[
Given user is on Add New Customer page......................................passed
When user fills the customer details........................................passed
And click the Add button....................................................passed
Then customer is added......................................................passed
]]></system-out>
</testcase>
<testcase classname="Hooks in Cucumber" name="Edit customer" time="0.003">
<system-out><![CDATA[
Given the user is on the edit Customer page.................................passed
When user edits the customer details........................................passed
And click the Update button.................................................passed
Then Customer details is updated............................................passed
]]></system-out>
</testcase>
<testcase classname="Hooks in Cucumber" name="Delete Customer" time="0.002">
<system-out><![CDATA[
Given user is on delete customer page.......................................passed
When user deletes customer..................................................passed
Then customer is deleted....................................................passed
]]></system-out>
</testcase>
</testsuite>
